# JRE version: OpenJDK Runtime Environment Temurin-17.0.6+10 (17.0.6+10) (build 17.0.6+10)
# Java VM: OpenJDK 64-Bit Server VM Temurin-17.0.6+10 (17.0.6+10, mixed mode, emulated-client, tiered, compressed oops, compressed class ptrs, g1 gc, windows-amd64)
GC Precious Log:
 CPUs: 12 total, 12 available
 Memory: 32657M
 Large Page Support: Disabled
 NUMA Support: Disabled
 Compressed Oops: Enabled (Zero based)
 Heap Region Size: 4M
 Heap Min Capacity: 8M
 Heap Initial Capacity: 512M
 Heap Max Capacity: 8168M
 Pre-touch: Disabled
 Parallel Workers: 10
 Concurrent Workers: 3
 Concurrent Refinement Workers: 10
 Periodic GC: Disabled
Heap:
 garbage-first heap   total 184320K, used 75345K [0x0000000601800000, 0x0000000800000000)
  region size 4096K, 12 young (49152K), 1 survivors (4096K)
 Metaspace       used 82475K, committed 83072K, reserved 1122304K
  class space    used 11221K, committed 11520K, reserved 1048576K
GC Heap History (20 events):
Event: 1.567 GC heap before
{Heap before GC invocations=8 (full 0):
 garbage-first heap   total 299008K, used 81554K [0x0000000601800000, 0x0000000800000000)
  region size 4096K, 20 young (81920K), 4 survivors (16384K)
 Metaspace       used 35895K, committed 36160K, reserved 1081344K
  class space    used 4488K, committed 4608K, reserved 1048576K
}
Event: 1.570 GC heap after
{Heap after GC invocations=9 (full 0):
 garbage-first heap   total 299008K, used 22597K [0x0000000601800000, 0x0000000800000000)
  region size 4096K, 4 young (16384K), 4 survivors (16384K)
 Metaspace       used 35895K, committed 36160K, reserved 1081344K
  class space    used 4488K, committed 4608K, reserved 1048576K
}
Event: 1.841 GC heap before
{Heap before GC invocations=10 (full 0):
 garbage-first heap   total 98304K, used 71749K [0x0000000601800000, 0x0000000800000000)
  region size 4096K, 17 young (69632K), 4 survivors (16384K)
 Metaspace       used 39796K, committed 40256K, reserved 1089536K
  class space    used 5081K, committed 5312K, reserved 1048576K
}
Event: 1.847 GC heap after
{Heap after GC invocations=11 (full 0):
 garbage-first heap   total 98304K, used 25440K [0x0000000601800000, 0x0000000800000000)
  region size 4096K, 4 young (16384K), 4 survivors (16384K)
 Metaspace       used 39796K, committed 40256K, reserved 1089536K
  class space    used 5081K, committed 5312K, reserved 1048576K
}
Event: 2.054 GC heap before
{Heap before GC invocations=11 (full 0):
 garbage-first heap   total 98304K, used 66400K [0x0000000601800000, 0x0000000800000000)
  region size 4096K, 14 young (57344K), 4 survivors (16384K)
 Metaspace       used 43527K, committed 44032K, reserved 1089536K
  class space    used 5545K, committed 5760K, reserved 1048576K
}
Event: 2.061 GC heap after
{Heap after GC invocations=12 (full 0):
 garbage-first heap   total 311296K, used 27786K [0x0000000601800000, 0x0000000800000000)
  region size 4096K, 2 young (8192K), 2 survivors (8192K)
 Metaspace       used 43527K, committed 44032K, reserved 1089536K
  class space    used 5545K, committed 5760K, reserved 1048576K
}
Event: 2.795 GC heap before
{Heap before GC invocations=12 (full 0):
 garbage-first heap   total 311296K, used 195722K [0x0000000601800000, 0x0000000800000000)
  region size 4096K, 44 young (180224K), 2 survivors (8192K)
 Metaspace       used 60029K, committed 60480K, reserved 1105920K
  class space    used 7875K, committed 8064K, reserved 1048576K
}
Event: 2.799 GC heap after
{Heap after GC invocations=13 (full 0):
 garbage-first heap   total 311296K, used 30549K [0x0000000601800000, 0x0000000800000000)
  region size 4096K, 3 young (12288K), 3 survivors (12288K)
 Metaspace       used 60029K, committed 60480K, reserved 1105920K
  class space    used 7875K, committed 8064K, reserved 1048576K
}
Event: 3.133 GC heap before
{Heap before GC invocations=14 (full 0):
 garbage-first heap   total 139264K, used 100181K [0x0000000601800000, 0x0000000800000000)
  region size 4096K, 20 young (81920K), 3 survivors (12288K)
 Metaspace       used 66547K, committed 67008K, reserved 1114112K
  class space    used 8875K, committed 9088K, reserved 1048576K
}
Event: 3.136 GC heap after
{Heap after GC invocations=15 (full 0):
 garbage-first heap   total 139264K, used 32274K [0x0000000601800000, 0x0000000800000000)
  region size 4096K, 2 young (8192K), 2 survivors (8192K)
 Metaspace       used 66547K, committed 67008K, reserved 1114112K
  class space    used 8875K, committed 9088K, reserved 1048576K
}
Event: 3.582 GC heap before
{Heap before GC invocations=15 (full 0):
 garbage-first heap   total 139264K, used 106002K [0x0000000601800000, 0x0000000800000000)
  region size 4096K, 20 young (81920K), 2 survivors (8192K)
 Metaspace       used 71971K, committed 72512K, reserved 1114112K
  class space    used 9642K, committed 9920K, reserved 1048576K
}
Event: 3.586 GC heap after
{Heap after GC invocations=16 (full 0):
 garbage-first heap   total 139264K, used 35332K [0x0000000601800000, 0x0000000800000000)
  region size 4096K, 3 young (12288K), 3 survivors (12288K)
 Metaspace       used 71971K, committed 72512K, reserved 1114112K
  class space    used 9642K, committed 9920K, reserved 1048576K
}
Event: 3.696 GC heap before
{Heap before GC invocations=16 (full 0):
 garbage-first heap   total 139264K, used 100868K [0x0000000601800000, 0x0000000800000000)
  region size 4096K, 19 young (77824K), 3 survivors (12288K)
 Metaspace       used 72785K, committed 73280K, reserved 1114112K
  class space    used 9731K, committed 9984K, reserved 1048576K
}
Event: 3.699 GC heap after
{Heap after GC invocations=17 (full 0):
 garbage-first heap   total 139264K, used 38310K [0x0000000601800000, 0x0000000800000000)
  region size 4096K, 2 young (8192K), 2 survivors (8192K)
 Metaspace       used 72785K, committed 73280K, reserved 1114112K
  class space    used 9731K, committed 9984K, reserved 1048576K
}
Event: 3.757 GC heap before
{Heap before GC invocations=17 (full 0):
 garbage-first heap   total 139264K, used 103846K [0x0000000601800000, 0x0000000800000000)
  region size 4096K, 18 young (73728K), 2 survivors (8192K)
 Metaspace       used 72785K, committed 73280K, reserved 1114112K
  class space    used 9731K, committed 9984K, reserved 1048576K
}
Event: 3.760 GC heap after
{Heap after GC invocations=18 (full 0):
 garbage-first heap   total 139264K, used 42343K [0x0000000601800000, 0x0000000800000000)
  region size 4096K, 3 young (12288K), 3 survivors (12288K)
 Metaspace       used 72785K, committed 73280K, reserved 1114112K
  class space    used 9731K, committed 9984K, reserved 1048576K
}
Event: 3.875 GC heap before
{Heap before GC invocations=18 (full 0):
 garbage-first heap   total 139264K, used 99687K [0x0000000601800000, 0x0000000800000000)
  region size 4096K, 18 young (73728K), 3 survivors (12288K)
 Metaspace       used 73602K, committed 74112K, reserved 1114112K
  class space    used 9871K, committed 10112K, reserved 1048576K
}
Event: 3.877 GC heap after
{Heap after GC invocations=19 (full 0):
 garbage-first heap   total 139264K, used 37257K [0x0000000601800000, 0x0000000800000000)
  region size 4096K, 1 young (4096K), 1 survivors (4096K)
 Metaspace       used 73602K, committed 74112K, reserved 1114112K
  class space    used 9871K, committed 10112K, reserved 1048576K
}
Event: 7.213 GC heap before
{Heap before GC invocations=19 (full 0):
 garbage-first heap   total 139264K, used 102793K [0x0000000601800000, 0x0000000800000000)
  region size 4096K, 17 young (69632K), 1 survivors (4096K)
 Metaspace       used 79176K, committed 79808K, reserved 1122304K
  class space    used 10642K, committed 10944K, reserved 1048576K
}
Event: 7.215 GC heap after
{Heap after GC invocations=20 (full 0):
 garbage-first heap   total 184320K, used 38481K [0x0000000601800000, 0x0000000800000000)
  region size 4096K, 1 young (4096K), 1 survivors (4096K)
 Metaspace       used 79176K, committed 79808K, reserved 1122304K
  class space    used 10642K, committed 10944K, reserved 1048576K
}

